<?xml version="1.0" encoding="UTF-8"?>
<!-- Generated by org.testng.reporters.JUnitReportReporter -->
<testsuite hostname="HP" failures="0" tests="1" name="Pomclass.Priority" time="0.011" errors="0" timestamp="2022-07-02T18:31:45 IST" skipped="0">
  <testcase classname="Pomclass.Priority" name="test3" time="0.011"/>
  <system-out/>
</testsuite> <!-- Pomclass.Priority -->
