<?xml version="1.0" encoding="UTF-8"?>
<!-- Generated by org.testng.reporters.JUnitReportReporter -->
<testsuite hostname="HP" failures="0" tests="4" name="testclass.Suitclass" time="0.052" errors="0" timestamp="2022-07-02T18:31:45 IST" skipped="0">
  <testcase classname="testclass.Suitclass" name="test" time="0.013"/>
  <system-out/>
  <testcase classname="testclass.Suitclass" name="test" time="0.016"/>
  <system-out/>
  <testcase classname="testclass.Suitclass" name="test" time="0.013"/>
  <system-out/>
  <testcase classname="testclass.Suitclass" name="test" time="0.010"/>
  <system-out/>
</testsuite> <!-- testclass.Suitclass -->
